<?xml version="1.0" encoding="UTF-8"?>
<!-- Generated by org.testng.reporters.JUnitReportReporter -->
<testsuite hostname="Tinus-MacBook.local" name="runManager.RunManager" tests="1" failures="0" timestamp="14 Apr 2020 09:19:37 GMT" time="88.445" errors="0">
  <testcase name="runner" time="88.445" classname="runManager.RunManager"/>
</testsuite> <!-- runManager.RunManager -->
